1 5 20
1 9 11
1 7 14
1 1 97
1 8 12
1 5 19
1 2 47
1 3 31
1 4 23
1 7 13
1 9 10
1 1 89
1 8 11
1 3 29
1 2 43
1 5 17
1 7 12
1 1 83
1 2 41
1 3 27
1 8 10
1 1 79
1 6 13
1 7 11
1 4 19
1 5 15
1 2 37
1 1 73
1 8 9
1 1 71
1 7 10
1 3 23
1 4 17
1 1 67
1 6 11
1 5 13
1 4 16
1 7 9
1 2 31
1 1 61
1 6 10
1 1 59
1 2 29
1 3 19
1 7 8
1 5 11
1 6 9
1 1 53
1 4 13
1 3 17
1 5 10
1 1 49
1 6 8
1 1 47
1 2 23
1 5 9
1 4 11
1 1 43
1 6 7
1 1 41
1 5 8
1 3 13
1 2 19
1 1 37
1 4 9
1 5 7
1 2 17
1 3 11
1 4 8
1 1 31
1 5 6
1 1 29
1 4 7
1 3 9
1 2 13
1 1 25
1 4 6
1 1 23
1 2 11
1 3 7
1 4 5
1 1 19
1 3 6
1 1 17
1 2 8
1 3 5
1 2 7
1 1 13
1 3 4
1 1 11
1 2 5
1 1 9
1 2 4
1 1 7
1 2 3
1 1 5
1 1 4
1 1 3
1 1 2
1 1 1
